<?xml version="1.0" encoding="UTF-8"?>
<!-- Generated by org.testng.reporters.JUnitReportReporter -->
<testsuite hostname="RITAM-BHATTACHARYA" failures="0" tests="1" name="tests.AuthTests" time="2.523" errors="0" timestamp="2025-08-12T18:02:55 IST" skipped="0">
  <testcase classname="tests.AuthTests" name="testAuthFlow" time="2.523"/>
</testsuite> <!-- tests.AuthTests -->
